<?xml version="1.0" encoding="UTF-8"?>
<testsuite xmlns:xsi="http://www.w3.org/2001/XMLSchema-instance" xsi:noNamespaceSchemaLocation="https://maven.apache.org/surefire/maven-surefire-plugin/xsd/surefire-test-report-3.0.xsd" version="3.0" name="com.mario.OperationsTest" time="0.138" tests="4" errors="0" skipped="0" failures="0">
  <properties>
[...]
</properties>
  <testcase name="testAddService" classname="com.mario.OperationsTest" time="0.053"/>
  <testcase name="testMultiplyService" classname="com.mario.OperationsTest" time="0.005"/>
  <testcase name="testDivideService" classname="com.mario.OperationsTest" time="0.001"/>
  <testcase name="testSubstractService" classname="com.mario.OperationsTest" time="0.001"/>
</testsuite>